SF:lib/features/ecommerce/data/models/product_model.dart
DA:4,1
DA:12,1
DA:13,1
DA:14,1
DA:15,1
DA:16,1
DA:17,1
DA:18,2
DA:22,1
DA:23,1
DA:24,1
DA:25,1
DA:26,1
DA:27,1
DA:28,1
LF:15
LH:15
end_of_record
SF:lib/features/domain/entities/product.dart
DA:8,1
DA:16,0
DA:23,0
DA:24,0
DA:25,0
DA:26,0
DA:27,0
DA:28,0
DA:32,0
DA:33,0
DA:34,0
DA:35,0
DA:36,0
DA:37,0
DA:38,0
DA:42,0
DA:43,0
DA:44,0
DA:45,0
DA:46,0
DA:47,0
DA:48,0
DA:52,0
DA:54,0
DA:57,1
DA:61,1
DA:62,3
DA:63,3
DA:64,3
DA:65,3
DA:66,3
DA:69,0
DA:71,0
DA:72,0
DA:73,0
DA:74,0
DA:75,0
LF:37
LH:8
end_of_record
SF:lib/main.dart
DA:3,0
DA:4,0
DA:8,2
DA:11,1
DA:13,1
DA:15,1
DA:31,1
DA:39,1
DA:52,1
DA:53,1
DA:59,1
DA:60,2
DA:66,2
DA:70,1
DA:78,1
DA:79,1
DA:83,3
DA:86,3
DA:88,1
DA:91,1
DA:106,1
DA:108,1
DA:109,2
DA:110,3
DA:115,1
DA:116,1
LF:26
LH:24
end_of_record
